<?xml version="1.0" encoding="UTF-8"?>
<!-- Generated by org.testng.reporters.JUnitReportReporter -->
<testsuite skipped="0" hostname="BDC6-DX-HRWVXC2" name="advanced.dragDrop" tests="1" failures="0" timestamp="16 Nov 2018 06:38:51 GMT" time="0.005" errors="0">
  <testcase name="f" time="0.005" classname="advanced.dragDrop"/>
</testsuite> <!-- advanced.dragDrop -->
