<?xml version="1.0" encoding="UTF-8"?>
<!-- Generated by org.testng.reporters.JUnitReportReporter -->
<testsuite skipped="0" hostname="BDC6-DX-HRWVXC2" name="advanced.dematAccount" tests="1" failures="0" timestamp="16 Nov 2018 05:29:13 GMT" time="9.879" errors="0">
  <testcase name="f" time="9.879" classname="advanced.dematAccount"/>
</testsuite> <!-- advanced.dematAccount -->
